<?xml version="1.0" encoding="UTF-8"?>
<testng-results skipped="0" failed="0" total="1" passed="1">
  <reporter-output>
  </reporter-output>
  <suite name="Suite" duration-ms="114912" started-at="2018-12-21T17:32:29Z" finished-at="2018-12-21T17:34:24Z">
    <groups>
    </groups>
    <test name="Test" duration-ms="114912" started-at="2018-12-21T17:32:29Z" finished-at="2018-12-21T17:34:24Z">
      <class name="tests.NewTest">
        <test-method status="PASS" signature="beforeClass()[pri:0, instance:tests.NewTest@675d3402]" name="beforeClass" is-config="true" duration-ms="76058" started-at="2018-12-21T23:02:29Z" finished-at="2018-12-21T23:03:45Z">
          <reporter-output>
          </reporter-output>
        </test-method> <!-- beforeClass -->
        <test-method status="PASS" signature="openMyBlog()[pri:0, instance:tests.NewTest@675d3402]" name="openMyBlog" duration-ms="33190" started-at="2018-12-21T23:03:45Z" finished-at="2018-12-21T23:04:19Z">
          <reporter-output>
          </reporter-output>
        </test-method> <!-- openMyBlog -->
        <test-method status="PASS" signature="afterClass()[pri:0, instance:tests.NewTest@675d3402]" name="afterClass" is-config="true" duration-ms="5517" started-at="2018-12-21T23:04:19Z" finished-at="2018-12-21T23:04:24Z">
          <reporter-output>
          </reporter-output>
        </test-method> <!-- afterClass -->
      </class> <!-- tests.NewTest -->
    </test> <!-- Test -->
  </suite> <!-- Suite -->
</testng-results>
